Standard Commons Logging discovery in action with spring-jcl: please remove commons-logging.jar from classpath in order to avoid potential conflicts

  .   ____          _            __ _ _
 /\\ / ___'_ __ _ _(_)_ __  __ _ \ \ \ \
( ( )\___ | '_ | '_| | '_ \/ _` | \ \ \ \
 \\/  ___)| |_)| | | | | || (_| |  ) ) ) )
  '  |____| .__|_| |_|_| |_\__, | / / / /
 =========|_|==============|___/=/_/_/_/
 :: Spring Boot ::                (v3.2.2)

2026-01-27T02:01:01.112+03:00  INFO 1516 --- [ROMS] [           main] com.roms.RomsApplication                 : Starting RomsApplication v0.0.1-SNAPSHOT using Java 17.0.12 with PID 1516 (C:\Programing\Realtime projects\ROMS\Roms\Roms\target\Roms-0.0.1-SNAPSHOT.jar started by -DELL in C:\Programing\Realtime projects\ROMS\Roms\Roms)
2026-01-27T02:01:01.888+03:00 DEBUG 1516 --- [ROMS] [           main] com.roms.RomsApplication                 : Running with Spring Boot v3.2.2, Spring v6.1.3
2026-01-27T02:01:01.889+03:00  INFO 1516 --- [ROMS] [           main] com.roms.RomsApplication                 : No active profile set, falling back to 1 default profile: "default"
2026-01-27T02:01:03.758+03:00  INFO 1516 --- [ROMS] [           main] .s.d.r.c.RepositoryConfigurationDelegate : Bootstrapping Spring Data JPA repositories in DEFAULT mode.
2026-01-27T02:01:03.910+03:00  INFO 1516 --- [ROMS] [           main] .s.d.r.c.RepositoryConfigurationDelegate : Finished Spring Data repository scanning in 135 ms. Found 7 JPA repository interfaces.
2026-01-27T02:01:07.340+03:00  INFO 1516 --- [ROMS] [           main] o.s.b.w.embedded.tomcat.TomcatWebServer  : Tomcat initialized with port 8080 (http)
2026-01-27T02:01:07.360+03:00  INFO 1516 --- [ROMS] [           main] o.apache.catalina.core.StandardService   : Starting service [Tomcat]
2026-01-27T02:01:07.361+03:00  INFO 1516 --- [ROMS] [           main] o.apache.catalina.core.StandardEngine    : Starting Servlet engine: [Apache Tomcat/10.1.18]
2026-01-27T02:01:07.464+03:00  INFO 1516 --- [ROMS] [           main] o.a.c.c.C.[Tomcat].[localhost].[/]       : Initializing Spring embedded WebApplicationContext
2026-01-27T02:01:07.465+03:00  INFO 1516 --- [ROMS] [           main] w.s.c.ServletWebServerApplicationContext : Root WebApplicationContext: initialization completed in 5452 ms
Standard Commons Logging discovery in action with spring-jcl: please remove commons-logging.jar from classpath in order to avoid potential conflicts
2026-01-27T02:01:07.747+03:00  INFO 1516 --- [ROMS] [           main] o.hibernate.jpa.internal.util.LogHelper  : HHH000204: Processing PersistenceUnitInfo [name: default]
2026-01-27T02:01:07.900+03:00  INFO 1516 --- [ROMS] [           main] org.hibernate.Version                    : HHH000412: Hibernate ORM core version 6.4.1.Final
2026-01-27T02:01:07.985+03:00  INFO 1516 --- [ROMS] [           main] o.h.c.internal.RegionFactoryInitiator    : HHH000026: Second-level cache disabled
2026-01-27T02:01:08.223+03:00  INFO 1516 --- [ROMS] [           main] o.h.e.boot.internal.EnversServiceImpl    : Envers integration enabled? : true
2026-01-27T02:01:08.522+03:00  INFO 1516 --- [ROMS] [           main] o.s.o.j.p.SpringPersistenceUnitInfo      : No LoadTimeWeaver setup: ignoring JPA class transformer
2026-01-27T02:01:08.586+03:00  INFO 1516 --- [ROMS] [           main] com.zaxxer.hikari.HikariDataSource       : HikariPool-1 - Starting...
2026-01-27T02:01:08.932+03:00  INFO 1516 --- [ROMS] [           main] com.zaxxer.hikari.pool.HikariPool        : HikariPool-1 - Added connection org.postgresql.jdbc.PgConnection@745926c3
2026-01-27T02:01:08.934+03:00  INFO 1516 --- [ROMS] [           main] com.zaxxer.hikari.HikariDataSource       : HikariPool-1 - Start completed.
2026-01-27T02:01:08.996+03:00  WARN 1516 --- [ROMS] [           main] org.hibernate.orm.deprecation            : HHH90000025: PostgreSQLDialect does not need to be specified explicitly using 'hibernate.dialect' (remove the property setting and it will be selected by default)
2026-01-27T02:01:09.917+03:00  INFO 1516 --- [ROMS] [           main] o.h.e.c.i.m.AuditMetadataGenerator       : Adding properties for entity: com.roms.entity.Employer
2026-01-27T02:01:09.921+03:00  INFO 1516 --- [ROMS] [           main] o.h.e.c.i.m.AuditMetadataGenerator       : Adding properties for entity: com.roms.entity.CandidateDocument
2026-01-27T02:01:09.924+03:00  INFO 1516 --- [ROMS] [           main] o.h.e.c.i.m.AuditMetadataGenerator       : Adding properties for entity: com.roms.entity.User
2026-01-27T02:01:09.924+03:00  INFO 1516 --- [ROMS] [           main] o.h.e.c.i.m.AuditMetadataGenerator       : Adding properties for entity: com.roms.entity.Candidate
2026-01-27T02:01:09.925+03:00  INFO 1516 --- [ROMS] [           main] o.h.e.c.i.m.AuditMetadataGenerator       : Adding properties for entity: com.roms.entity.Payment
2026-01-27T02:01:09.925+03:00  INFO 1516 --- [ROMS] [           main] o.h.e.c.i.m.AuditMetadataGenerator       : Adding properties for entity: com.roms.entity.JobOrder
2026-01-27T02:01:12.080+03:00 ERROR 1516 --- [ROMS] [           main] o.h.metamodel.internal.MetadataContext   : HHH015007: Illegal argument on static metamodel field injection : org.hibernate.envers.DefaultRevisionEntity_#class_; expected type :  org.hibernate.metamodel.model.domain.internal.EntityTypeImpl; encountered type : jakarta.persistence.metamodel.MappedSuperclassType
2026-01-27T02:01:12.108+03:00  INFO 1516 --- [ROMS] [           main] o.h.e.t.j.p.i.JtaPlatformInitiator       : HHH000489: No JTA platform available (set 'hibernate.transaction.jta.platform' to enable JTA platform integration)
2026-01-27T02:01:12.390+03:00  INFO 1516 --- [ROMS] [           main] j.LocalContainerEntityManagerFactoryBean : Initialized JPA EntityManagerFactory for persistence unit 'default'
2026-01-27T02:01:13.116+03:00 DEBUG 1516 --- [ROMS] [           main] c.roms.security.JwtAuthenticationFilter  : Filter 'jwtAuthenticationFilter' configured for use
2026-01-27T02:01:15.219+03:00  INFO 1516 --- [ROMS] [           main] o.s.d.j.r.query.QueryEnhancerFactory     : Hibernate is in classpath; If applicable, HQL parser will be used.
2026-01-27T02:01:16.139+03:00  INFO 1516 --- [ROMS] [           main] com.roms.service.GoogleDriveService      : Initializing Google Drive Service...
2026-01-27T02:01:16.682+03:00  INFO 1516 --- [ROMS] [           main] com.roms.service.GoogleDriveService      : Google Drive Service initialized successfully
2026-01-27T02:01:17.277+03:00  WARN 1516 --- [ROMS] [           main] JpaBaseConfiguration$JpaWebConfiguration : spring.jpa.open-in-view is enabled by default. Therefore, database queries may be performed during view rendering. Explicitly configure spring.jpa.open-in-view to disable this warning
2026-01-27T02:01:17.472+03:00  INFO 1516 --- [ROMS] [           main] o.s.b.a.w.s.WelcomePageHandlerMapping    : Adding welcome page: class path resource [static/index.html]
2026-01-27T02:01:17.899+03:00  INFO 1516 --- [ROMS] [           main] o.s.s.web.DefaultSecurityFilterChain     : Will secure any request with [org.springframework.security.web.session.DisableEncodeUrlFilter@ac51234, org.springframework.security.web.context.request.async.WebAsyncManagerIntegrationFilter@1886e8b9, org.springframework.security.web.context.SecurityContextHolderFilter@2fc94125, org.springframework.security.web.header.HeaderWriterFilter@5989f463, org.springframework.web.filter.CorsFilter@4b56971a, org.springframework.security.web.authentication.logout.LogoutFilter@13b6f82d, com.roms.security.JwtAuthenticationFilter@22825762, org.springframework.security.web.savedrequest.RequestCacheAwareFilter@a29aced, org.springframework.security.web.servletapi.SecurityContextHolderAwareRequestFilter@113886b1, org.springframework.security.web.authentication.AnonymousAuthenticationFilter@1263422a, org.springframework.security.web.session.SessionManagementFilter@49808d41, org.springframework.security.web.access.ExceptionTranslationFilter@4ab4b4cd, org.springframework.security.web.access.intercept.AuthorizationFilter@1f799f4c]
2026-01-27T02:01:18.831+03:00  INFO 1516 --- [ROMS] [           main] o.s.b.w.embedded.tomcat.TomcatWebServer  : Tomcat started on port 8080 (http) with context path ''
2026-01-27T02:01:18.858+03:00  INFO 1516 --- [ROMS] [           main] com.roms.RomsApplication                 : Started RomsApplication in 18.856 seconds (process running for 21.934)
2026-01-27T02:01:18.865+03:00  INFO 1516 --- [ROMS] [           main] com.roms.config.DataInitializer          : Checking for demo users...
2026-01-27T02:01:19.104+03:00 DEBUG 1516 --- [ROMS] [           main] org.hibernate.SQL                        : 
    select
        u1_0.id 
    from
        app_users u1_0 
    where
        u1_0.username=? 
    fetch
        first ? rows only
Hibernate: 
    select
        u1_0.id 
    from
        app_users u1_0 
    where
        u1_0.username=? 
    fetch
        first ? rows only
2026-01-27T02:01:19.127+03:00 DEBUG 1516 --- [ROMS] [           main] org.hibernate.SQL                        : 
    select
        u1_0.id 
    from
        app_users u1_0 
    where
        u1_0.username=? 
    fetch
        first ? rows only
Hibernate: 
    select
        u1_0.id 
    from
        app_users u1_0 
    where
        u1_0.username=? 
    fetch
        first ? rows only
2026-01-27T02:01:19.130+03:00 DEBUG 1516 --- [ROMS] [           main] org.hibernate.SQL                        : 
    select
        u1_0.id 
    from
        app_users u1_0 
    where
        u1_0.username=? 
    fetch
        first ? rows only
Hibernate: 
    select
        u1_0.id 
    from
        app_users u1_0 
    where
        u1_0.username=? 
    fetch
        first ? rows only
2026-01-27T02:01:19.133+03:00 DEBUG 1516 --- [ROMS] [           main] org.hibernate.SQL                        : 
    select
        u1_0.id 
    from
        app_users u1_0 
    where
        u1_0.username=? 
    fetch
        first ? rows only
Hibernate: 
    select
        u1_0.id 
    from
        app_users u1_0 
    where
        u1_0.username=? 
    fetch
        first ? rows only
2026-01-27T02:01:19.136+03:00 DEBUG 1516 --- [ROMS] [           main] org.hibernate.SQL                        : 
    select
        u1_0.id 
    from
        app_users u1_0 
    where
        u1_0.username=? 
    fetch
        first ? rows only
Hibernate: 
    select
        u1_0.id 
    from
        app_users u1_0 
    where
        u1_0.username=? 
    fetch
        first ? rows only
2026-01-27T02:01:19.138+03:00  INFO 1516 --- [ROMS] [           main] com.roms.config.DataInitializer          : Demo users initialization complete!
2026-01-27T02:01:19.138+03:00  INFO 1516 --- [ROMS] [           main] com.roms.config.DataInitializer          : Available test users:
2026-01-27T02:01:19.138+03:00  INFO 1516 --- [ROMS] [           main] com.roms.config.DataInitializer          :   - admin/password123 (SUPER_ADMIN) - Full access
2026-01-27T02:01:19.139+03:00  INFO 1516 --- [ROMS] [           main] com.roms.config.DataInitializer          :   - operations/password123 (OPERATIONS_STAFF) - Candidates & documents
2026-01-27T02:01:19.139+03:00  INFO 1516 --- [ROMS] [           main] com.roms.config.DataInitializer          :   - finance/password123 (FINANCE_MANAGER) - View candidates
2026-01-27T02:01:19.139+03:00  INFO 1516 --- [ROMS] [           main] com.roms.config.DataInitializer          :   - employer/password123 (EMPLOYER) - Limited access
2026-01-27T02:01:19.139+03:00  INFO 1516 --- [ROMS] [           main] com.roms.config.DataInitializer          :   - applicant/password123 (APPLICANT) - Limited access
